<?xml version="1.0" encoding="UTF-8"?>
<testng-results skipped="0" failed="2" ignored="0" total="3" passed="1">
  <reporter-output>
  </reporter-output>
  <suite name="Default suite" duration-ms="90227" started-at="2018-08-21T18:51:06Z" finished-at="2018-08-21T18:52:36Z">
    <groups>
      <group name="cucumber">
        <method signature="AbstractTestNGCucumberTests.feature(cucumber.api.testng.CucumberFeatureWrapper)[pri:0, instance:org.servicenow.resources.ServiceNowAutomationRunner@704d6e83]" name="feature" class="cucumber.api.testng.AbstractTestNGCucumberTests"/>
      </group> <!-- cucumber -->
    </groups>
    <test name="Default test" duration-ms="90227" started-at="2018-08-21T18:51:06Z" finished-at="2018-08-21T18:52:36Z">
      <class name="org.servicenow.resources.ServiceNowAutomationRunner">
        <test-method status="PASS" signature="start()[pri:0, instance:org.servicenow.resources.ServiceNowAutomationRunner@704d6e83]" name="start" is-config="true" duration-ms="11" started-at="2018-08-21T18:51:06Z" finished-at="2018-08-21T18:51:06Z">
          <reporter-output>
          </reporter-output>
        </test-method> <!-- start -->
        <test-method status="PASS" signature="setUpClass()[pri:0, instance:org.servicenow.resources.ServiceNowAutomationRunner@704d6e83]" name="setUpClass" is-config="true" duration-ms="286" started-at="2018-08-21T18:51:06Z" finished-at="2018-08-21T18:51:06Z">
          <reporter-output>
          </reporter-output>
        </test-method> <!-- setUpClass -->
        <test-method status="PASS" signature="beforeMethod()[pri:0, instance:org.servicenow.resources.ServiceNowAutomationRunner@704d6e83]" name="beforeMethod" is-config="true" duration-ms="4991" started-at="2018-08-21T18:51:06Z" finished-at="2018-08-21T18:51:11Z">
          <reporter-output>
          </reporter-output>
        </test-method> <!-- beforeMethod -->
        <test-method status="PASS" signature="feature(cucumber.api.testng.CucumberFeatureWrapper)[pri:0, instance:org.servicenow.resources.ServiceNowAutomationRunner@704d6e83]" name="feature" duration-ms="37576" started-at="2018-08-21T18:51:11Z" description="Runs Cucumber Feature" data-provider="features" finished-at="2018-08-21T18:51:49Z">
          <params>
            <param index="0">
              <value>
                <![CDATA[Create, View, Edit and Delete the Branch]]>
              </value>
            </param>
          </params>
          <reporter-output>
          </reporter-output>
        </test-method> <!-- feature -->
        <test-method status="PASS" signature="afterMethod()[pri:0, instance:org.servicenow.resources.ServiceNowAutomationRunner@704d6e83]" name="afterMethod" is-config="true" duration-ms="1437" started-at="2018-08-21T18:51:49Z" finished-at="2018-08-21T18:51:50Z">
          <reporter-output>
          </reporter-output>
        </test-method> <!-- afterMethod -->
        <test-method status="PASS" signature="beforeMethod()[pri:0, instance:org.servicenow.resources.ServiceNowAutomationRunner@704d6e83]" name="beforeMethod" is-config="true" duration-ms="4201" started-at="2018-08-21T18:51:50Z" finished-at="2018-08-21T18:51:54Z">
          <reporter-output>
          </reporter-output>
        </test-method> <!-- beforeMethod -->
        <test-method status="FAIL" signature="feature(cucumber.api.testng.CucumberFeatureWrapper)[pri:0, instance:org.servicenow.resources.ServiceNowAutomationRunner@704d6e83]" name="feature" duration-ms="11504" started-at="2018-08-21T18:51:54Z" description="Runs Cucumber Feature" data-provider="features" finished-at="2018-08-21T18:52:06Z">
          <params>
            <param index="0">
              <value>
                <![CDATA[Login verification and User Registration]]>
              </value>
            </param>
          </params>
          <exception class="cucumber.runtime.CucumberException">
            <message>
              <![CDATA[junit.framework.AssertionFailedError: Unable to Register]]>
            </message>
            <full-stacktrace>
              <![CDATA[cucumber.runtime.CucumberException: junit.framework.AssertionFailedError: Unable to Register
at cucumber.api.testng.TestNGCucumberRunner.runCucumber(TestNGCucumberRunner.java:69)
at cucumber.api.testng.AbstractTestNGCucumberTests.feature(AbstractTestNGCucumberTests.java:21)
at sun.reflect.NativeMethodAccessorImpl.invoke0(Native Method)
at sun.reflect.NativeMethodAccessorImpl.invoke(NativeMethodAccessorImpl.java:62)
at sun.reflect.DelegatingMethodAccessorImpl.invoke(DelegatingMethodAccessorImpl.java:43)
at java.lang.reflect.Method.invoke(Method.java:498)
at org.testng.internal.MethodInvocationHelper.invokeMethod(MethodInvocationHelper.java:124)
at org.testng.internal.Invoker.invokeMethod(Invoker.java:583)
at org.testng.internal.Invoker.invokeTestMethod(Invoker.java:719)
at org.testng.internal.Invoker.invokeTestMethods(Invoker.java:989)
at org.testng.internal.TestMethodWorker.invokeTestMethods(TestMethodWorker.java:125)
at org.testng.internal.TestMethodWorker.run(TestMethodWorker.java:109)
at org.testng.TestRunner.privateRun(TestRunner.java:648)
at org.testng.TestRunner.run(TestRunner.java:505)
at org.testng.SuiteRunner.runTest(SuiteRunner.java:455)
at org.testng.SuiteRunner.runSequentially(SuiteRunner.java:450)
at org.testng.SuiteRunner.privateRun(SuiteRunner.java:415)
at org.testng.SuiteRunner.run(SuiteRunner.java:364)
at org.testng.SuiteRunnerWorker.runSuite(SuiteRunnerWorker.java:52)
at org.testng.SuiteRunnerWorker.run(SuiteRunnerWorker.java:84)
at org.testng.TestNG.runSuitesSequentially(TestNG.java:1208)
at org.testng.TestNG.runSuitesLocally(TestNG.java:1137)
at org.testng.TestNG.runSuites(TestNG.java:1049)
at org.testng.TestNG.run(TestNG.java:1017)
at org.testng.remote.AbstractRemoteTestNG.run(AbstractRemoteTestNG.java:114)
at org.testng.remote.RemoteTestNG.initAndRun(RemoteTestNG.java:251)
at org.testng.remote.RemoteTestNG.main(RemoteTestNG.java:77)
Caused by: junit.framework.AssertionFailedError: Unable to Register
at junit.framework.Assert.fail(Assert.java:50)
at junit.framework.Assert.assertTrue(Assert.java:20)
at org.servicenow.stepdefs.LoginSteps.verify_registration(LoginSteps.java:81)
at ✽.Then User should be successfully registered(Login.feature:12)
]]>
            </full-stacktrace>
          </exception> <!-- cucumber.runtime.CucumberException -->
          <reporter-output>
          </reporter-output>
        </test-method> <!-- feature -->
        <test-method status="PASS" signature="afterMethod()[pri:0, instance:org.servicenow.resources.ServiceNowAutomationRunner@704d6e83]" name="afterMethod" is-config="true" duration-ms="1395" started-at="2018-08-21T18:52:06Z" finished-at="2018-08-21T18:52:07Z">
          <reporter-output>
          </reporter-output>
        </test-method> <!-- afterMethod -->
        <test-method status="PASS" signature="beforeMethod()[pri:0, instance:org.servicenow.resources.ServiceNowAutomationRunner@704d6e83]" name="beforeMethod" is-config="true" duration-ms="4184" started-at="2018-08-21T18:52:07Z" finished-at="2018-08-21T18:52:12Z">
          <reporter-output>
          </reporter-output>
        </test-method> <!-- beforeMethod -->
        <test-method status="FAIL" signature="feature(cucumber.api.testng.CucumberFeatureWrapper)[pri:0, instance:org.servicenow.resources.ServiceNowAutomationRunner@704d6e83]" name="feature" duration-ms="22954" started-at="2018-08-21T18:52:12Z" description="Runs Cucumber Feature" data-provider="features" finished-at="2018-08-21T18:52:34Z">
          <params>
            <param index="0">
              <value>
                <![CDATA[Create, View, Edit and Delete the Staff]]>
              </value>
            </param>
          </params>
          <exception class="cucumber.runtime.CucumberException">
            <message>
              <![CDATA[junit.framework.AssertionFailedError: User unable to click on home]]>
            </message>
            <full-stacktrace>
              <![CDATA[cucumber.runtime.CucumberException: junit.framework.AssertionFailedError: User unable to click on home
at cucumber.api.testng.TestNGCucumberRunner.runCucumber(TestNGCucumberRunner.java:69)
at cucumber.api.testng.AbstractTestNGCucumberTests.feature(AbstractTestNGCucumberTests.java:21)
at sun.reflect.NativeMethodAccessorImpl.invoke0(Native Method)
at sun.reflect.NativeMethodAccessorImpl.invoke(NativeMethodAccessorImpl.java:62)
at sun.reflect.DelegatingMethodAccessorImpl.invoke(DelegatingMethodAccessorImpl.java:43)
at java.lang.reflect.Method.invoke(Method.java:498)
at org.testng.internal.MethodInvocationHelper.invokeMethod(MethodInvocationHelper.java:124)
at org.testng.internal.Invoker.invokeMethod(Invoker.java:583)
at org.testng.internal.Invoker.invokeTestMethod(Invoker.java:719)
at org.testng.internal.Invoker.invokeTestMethods(Invoker.java:989)
at org.testng.internal.TestMethodWorker.invokeTestMethods(TestMethodWorker.java:125)
at org.testng.internal.TestMethodWorker.run(TestMethodWorker.java:109)
at org.testng.TestRunner.privateRun(TestRunner.java:648)
at org.testng.TestRunner.run(TestRunner.java:505)
at org.testng.SuiteRunner.runTest(SuiteRunner.java:455)
at org.testng.SuiteRunner.runSequentially(SuiteRunner.java:450)
at org.testng.SuiteRunner.privateRun(SuiteRunner.java:415)
at org.testng.SuiteRunner.run(SuiteRunner.java:364)
at org.testng.SuiteRunnerWorker.runSuite(SuiteRunnerWorker.java:52)
at org.testng.SuiteRunnerWorker.run(SuiteRunnerWorker.java:84)
at org.testng.TestNG.runSuitesSequentially(TestNG.java:1208)
at org.testng.TestNG.runSuitesLocally(TestNG.java:1137)
at org.testng.TestNG.runSuites(TestNG.java:1049)
at org.testng.TestNG.run(TestNG.java:1017)
at org.testng.remote.AbstractRemoteTestNG.run(AbstractRemoteTestNG.java:114)
at org.testng.remote.RemoteTestNG.initAndRun(RemoteTestNG.java:251)
at org.testng.remote.RemoteTestNG.main(RemoteTestNG.java:77)
Caused by: junit.framework.AssertionFailedError: User unable to click on home
at junit.framework.Assert.fail(Assert.java:50)
at junit.framework.Assert.assertTrue(Assert.java:20)
at org.servicenow.stepdefs.LoginSteps.click_home(LoginSteps.java:38)
at ✽.Given User landed on home page(Staff.feature:4)
]]>
            </full-stacktrace>
          </exception> <!-- cucumber.runtime.CucumberException -->
          <reporter-output>
          </reporter-output>
        </test-method> <!-- feature -->
        <test-method status="PASS" signature="afterMethod()[pri:0, instance:org.servicenow.resources.ServiceNowAutomationRunner@704d6e83]" name="afterMethod" is-config="true" duration-ms="1273" started-at="2018-08-21T18:52:34Z" finished-at="2018-08-21T18:52:36Z">
          <reporter-output>
          </reporter-output>
        </test-method> <!-- afterMethod -->
        <test-method status="PASS" signature="tearDownClass()[pri:0, instance:org.servicenow.resources.ServiceNowAutomationRunner@704d6e83]" name="tearDownClass" is-config="true" duration-ms="310" started-at="2018-08-21T18:52:36Z" finished-at="2018-08-21T18:52:36Z">
          <reporter-output>
          </reporter-output>
        </test-method> <!-- tearDownClass -->
        <test-method status="PASS" signature="setup()[pri:0, instance:org.servicenow.resources.ServiceNowAutomationRunner@704d6e83]" name="setup" is-config="true" duration-ms="55" started-at="2018-08-21T18:52:36Z" finished-at="2018-08-21T18:52:36Z">
          <reporter-output>
          </reporter-output>
        </test-method> <!-- setup -->
      </class> <!-- org.servicenow.resources.ServiceNowAutomationRunner -->
    </test> <!-- Default test -->
  </suite> <!-- Default suite -->
</testng-results>
